[debug] [2019-03-12T09:02:23.302Z] ----------------------------------------------------------------------
[debug] [2019-03-12T09:02:23.304Z] Command:       /usr/bin/node /usr/bin/firebase deploy
[debug] [2019-03-12T09:02:23.304Z] CLI Version:   6.1.2
[debug] [2019-03-12T09:02:23.304Z] Platform:      linux
[debug] [2019-03-12T09:02:23.304Z] Node Version:  v11.1.0
[debug] [2019-03-12T09:02:23.305Z] Time:          Tue Mar 12 2019 14:32:23 GMT+0530 (India Standard Time)
[debug] [2019-03-12T09:02:23.305Z] ----------------------------------------------------------------------
[debug] 
[debug] [2019-03-12T09:02:23.312Z] > command requires scopes: ["email","openid","https://www.googleapis.com/auth/cloudplatformprojects.readonly","https://www.googleapis.com/auth/firebase","https://www.googleapis.com/auth/cloud-platform"]
[debug] [2019-03-12T09:02:23.313Z] > authorizing via signed-in user
[debug] [2019-03-12T09:02:23.313Z] [iam] checking project sentience19 for permissions ["firebase.projects.get","firebasehosting.sites.update"]
[debug] [2019-03-12T09:02:23.314Z] > refreshing access token with scopes: ["email","https://www.googleapis.com/auth/cloud-platform","https://www.googleapis.com/auth/cloudplatformprojects.readonly","https://www.googleapis.com/auth/firebase","openid"]
[debug] [2019-03-12T09:02:23.314Z] >>> HTTP REQUEST POST https://www.googleapis.com/oauth2/v3/token  
 <request body omitted>
[debug] [2019-03-12T09:02:23.748Z] <<< HTTP RESPONSE 200
[debug] [2019-03-12T09:02:23.758Z] >>> HTTP REQUEST POST https://cloudresourcemanager.googleapis.com/v1/projects/sentience19:testIamPermissions  

[debug] [2019-03-12T09:02:25.593Z] <<< HTTP RESPONSE 200
[debug] [2019-03-12T09:02:25.595Z] >>> HTTP REQUEST GET https://firebase.googleapis.com/v1beta1/projects/sentience19  
 
[debug] [2019-03-12T09:02:26.157Z] <<< HTTP RESPONSE 200
[info] 
[info] === Deploying to 'sentience19'...
[info] 
[info] i  deploying hosting
[debug] [2019-03-12T09:02:26.161Z] >>> HTTP REQUEST POST https://firebasehosting.googleapis.com/v1beta1/sites/sentience19/versions  

